<?xml version="1.0" encoding="UTF-8"?>
<!-- Generated by org.testng.reporters.JUnitXMLReporter -->
<testsuite ignored="1" hostname="DESKTOP-LJ8CBTQ" failures="1" tests="1" name="Test1" time="16.285" errors="0" timestamp="2025-02-24T16:14:34 IST">
  <testcase classname="com.CrossBrowser.BaseTest" name="@AfterTest captureScreenshot" time="-1.740393874603E9">
    <failure type="org.testng.TestNGException" message="
Can inject only one of &amp;lt;ITestContext, XmlTest&amp;gt; into a @AfterTest annotated captureScreenshot.
For more information on native dependency injection please refer to https://testng.org/#_dependency_injection">
      <![CDATA[org.testng.TestNGException: 
Can inject only one of <ITestContext, XmlTest> into a @AfterTest annotated captureScreenshot.
For more information on native dependency injection please refer to https://testng.org/#_dependency_injection
... Removed 21 stack frames]]>
    </failure>
  </testcase> <!-- @AfterTest captureScreenshot -->
  <testcase classname="com.CrossBrowser.TestClass_012" name="TestGoogle" time="4.629">
    <failure type="java.lang.AssertionError" message="Title is mismatched expected [GTPL Bank Manager HomePage] but found [GTPL Bank Home Page]">
      <![CDATA[java.lang.AssertionError: Title is mismatched expected [GTPL Bank Manager HomePage] but found [GTPL Bank Home Page]
at com.CrossBrowser.TestClass_012.TestGoogle(TestClass_012.java:26)
at java.base/java.util.ArrayList.forEach(ArrayList.java:1597)
... Removed 30 stack frames]]>
    </failure>
  </testcase> <!-- TestGoogle -->
  <testcase classname="com.CrossBrowser.TestClass_012" name="TestFacebook" time="0.0">
    <ignored/>
  </testcase> <!-- TestFacebook -->
</testsuite> <!-- Test1 -->
