<?xml version="1.0" encoding="UTF-8"?>
<!-- Generated by org.testng.reporters.JUnitXMLReporter -->
<testsuite ignored="1" hostname="DESKTOP-LJ8CBTQ" failures="0" tests="1" name="TestDemo" time="17.854" errors="0" timestamp="2025-02-24T18:24:41 IST">
  <testcase classname="com.CrossBrowser.TestClass_012" name="TestDemo" time="7.169"/>
  <testcase classname="com.CrossBrowser.TestClass_012" name="TestFacebook" time="0.0">
    <ignored/>
  </testcase> <!-- TestFacebook -->
</testsuite> <!-- TestDemo -->
