<?xml version="1.0" encoding="UTF-8"?>
<!-- Generated by org.testng.reporters.JUnitXMLReporter -->
<testsuite ignored="1" hostname="DESKTOP-LJ8CBTQ" failures="0" tests="1" name="Test2" time="25.956" errors="0" timestamp="2025-02-24T16:15:00 IST">
  <testcase classname="com.CrossBrowser.TestClass_012" name="TestFacebook" time="11.131"/>
  <testcase classname="com.CrossBrowser.TestClass_012" name="TestGoogle" time="0.0">
    <ignored/>
  </testcase> <!-- TestGoogle -->
</testsuite> <!-- Test2 -->
